INFO: Log window started at 22:51:07
INFO: ============================================================
INFO: 🏦 FIEngine - Financial Engineering Platform
INFO: ============================================================
INFO: NumExpr defaulting to 8 threads.
INFO: Available retrievers: curves.utils.retrieve:retrieveCNBDTS, curves.utils.retrieve:retrieveEnvRT, curves.utils.retrieve:retrieveFuturesTS, curves.utils.retrieve:retrieveWindBacktestPool, curves.utils.retrieve:retrieveWindBondTS, curves.utils.retrieve:retrieveWindCNBDCurveTS, curves.utils.retrieve:retrieveWindRT, derivatives.vol.retrieve:retrieveFuturesVol, factors.utils.retrieve:retrieveMarcoPx, futures.intraday.retrieve:retrieveFuturesTick, futures.intraday.retrieve:retrieveMarcoPx, futures.intraday.retrieve:retrieveTick, multiasset.retrieve:retrieveFXIRCurves
INFO: Running data retriever: curves.utils.retrieve:retrieveCNBDTS
INFO: Updating irs and china bond time series...
INFO: Welcome to use Wind Quant API for Python (WindPy)!
INFO: COPYRIGHT (C) 2024 WIND INFORMATION CO., LTD. ALL RIGHTS RESERVED.
INFO: IN NO CIRCUMSTANCE SHALL WIND BE RESPONSIBLE FOR ANY DAMAGES OR LOSSES CAUSED BY USING WIND QUANT API FOR Python.
INFO: Running data retriever: curves.utils.retrieve:retrieveEnvRT
ERROR: Retriever failed: curves.utils.retrieve:retrieveEnvRT (retrieveEnvRT() missing 2 required positional arguments: 'env' and 'btype')
Traceback (most recent call last):
  File "D:\PyProjects\FIEngine\bin-v4.0\engine\data_update.py", line 116, in run_data_update
    fn(cfg)
    ~~^^^^^
TypeError: retrieveEnvRT() missing 1 required positional argument: 'btype'

During handling of the above exception, another exception occurred:

Traceback (most recent call last):
  File "D:\PyProjects\FIEngine\bin-v4.0\engine\data_update.py", line 118, in run_data_update
    fn()
    ~~^^
TypeError: retrieveEnvRT() missing 2 required positional arguments: 'env' and 'btype'
INFO: Running data retriever: curves.utils.retrieve:retrieveFuturesTS
INFO: Updating bond futures time series...
INFO: Running data retriever: curves.utils.retrieve:retrieveWindBacktestPool
ERROR: Retriever failed: curves.utils.retrieve:retrieveWindBacktestPool (retrieveWindBacktestPool() missing 2 required positional arguments: 'btype' and 'prange')
Traceback (most recent call last):
  File "D:\PyProjects\FIEngine\bin-v4.0\engine\data_update.py", line 116, in run_data_update
    fn(cfg)
    ~~^^^^^
TypeError: retrieveWindBacktestPool() missing 1 required positional argument: 'prange'

During handling of the above exception, another exception occurred:

Traceback (most recent call last):
  File "D:\PyProjects\FIEngine\bin-v4.0\engine\data_update.py", line 118, in run_data_update
    fn()
    ~~^^
TypeError: retrieveWindBacktestPool() missing 2 required positional arguments: 'btype' and 'prange'
INFO: Running data retriever: curves.utils.retrieve:retrieveWindBondTS
ERROR: Retriever failed: curves.utils.retrieve:retrieveWindBondTS (retrieveWindBondTS() missing 2 required positional arguments: 'bondlist' and 'prange')
Traceback (most recent call last):
  File "D:\PyProjects\FIEngine\bin-v4.0\engine\data_update.py", line 116, in run_data_update
    fn(cfg)
    ~~^^^^^
TypeError: retrieveWindBondTS() missing 1 required positional argument: 'prange'

During handling of the above exception, another exception occurred:

Traceback (most recent call last):
  File "D:\PyProjects\FIEngine\bin-v4.0\engine\data_update.py", line 118, in run_data_update
    fn()
    ~~^^
TypeError: retrieveWindBondTS() missing 2 required positional arguments: 'bondlist' and 'prange'
INFO: Running data retriever: curves.utils.retrieve:retrieveWindCNBDCurveTS
ERROR: Retriever failed: curves.utils.retrieve:retrieveWindCNBDCurveTS ('OUTMESSAGE')
Traceback (most recent call last):
  File "D:\PyProjects\FIEngine\bin-v4.0\engine\data_update.py", line 116, in run_data_update
    fn(cfg)
    ~~^^^^^
  File "D:\PyProjects\FIEngine\bin-v4.0\curves\utils\retrieve.py", line 115, in retrieveWindCNBDCurveTS
    curve_ts.columns = [WindConfig.CV_ID_MAP[c] for c in curve_ts.columns]
                        ~~~~~~~~~~~~~~~~~~~~^^^
KeyError: 'OUTMESSAGE'
INFO: Running data retriever: curves.utils.retrieve:retrieveWindRT
ERROR: Retriever failed: curves.utils.retrieve:retrieveWindRT (retrieveWindRT() missing 1 required positional argument: 'btype')
Traceback (most recent call last):
  File "D:\PyProjects\FIEngine\bin-v4.0\engine\data_update.py", line 116, in run_data_update
    fn(cfg)
    ~~^^^^^
  File "D:\PyProjects\FIEngine\bin-v4.0\curves\utils\retrieve.py", line 251, in retrieveWindRT
    with open(os.path.join(DIR_INPUT,btype+'-InstrumentInfo.pkl'), 'rb') as file:
                                     ~~~~~^~~~~~~~~~~~~~~~~~~~~~
TypeError: unsupported operand type(s) for +: 'RunConfig' and 'str'

During handling of the above exception, another exception occurred:

Traceback (most recent call last):
  File "D:\PyProjects\FIEngine\bin-v4.0\engine\data_update.py", line 118, in run_data_update
    fn()
    ~~^^
TypeError: retrieveWindRT() missing 1 required positional argument: 'btype'
INFO: Running data retriever: derivatives.vol.retrieve:retrieveFuturesVol
INFO: Running data retriever: factors.utils.retrieve:retrieveMarcoPx
INFO: Updating macroeconomic time series...
INFO: Running data retriever: futures.intraday.retrieve:retrieveFuturesTick
INFO: Updating  T2603.CFE 2025-12-22
INFO: Updating  T2603.CFE 2025-12-23
INFO: Updating  T2603.CFE 2025-12-24
INFO: Updating  T2603.CFE 2026-01-01
INFO: Updating  T2603.CFE 2026-01-02
INFO: Saving  T2603.CFE
INFO: Updating  TL2603.CFE 2025-12-22
INFO: Updating  TL2603.CFE 2025-12-23
INFO: Updating  TL2603.CFE 2025-12-24
INFO: Updating  TL2603.CFE 2026-01-01
INFO: Updating  TL2603.CFE 2026-01-02
INFO: Saving  TL2603.CFE
INFO: Updating  TF2603.CFE 2025-12-22
INFO: Updating  TF2603.CFE 2025-12-23
INFO: Updating  TF2603.CFE 2025-12-24
INFO: Updating  TF2603.CFE 2026-01-01
INFO: Updating  TF2603.CFE 2026-01-02
INFO: Saving  TF2603.CFE
INFO: Updating  TS2603.CFE 2025-12-22
INFO: Updating  TS2603.CFE 2025-12-23
INFO: Updating  TS2603.CFE 2025-12-24
INFO: Updating  TS2603.CFE 2026-01-01
INFO: Updating  TS2603.CFE 2026-01-02
INFO: Saving  TS2603.CFE
INFO: Updating  IF2603.CFE 2025-12-22
INFO: Updating  IF2603.CFE 2025-12-23
INFO: Updating  IF2603.CFE 2025-12-24
INFO: Updating  IF2603.CFE 2026-01-01
INFO: Updating  IF2603.CFE 2026-01-02
INFO: Saving  IF2603.CFE
INFO: Updating  IC2603.CFE 2025-12-22
INFO: Updating  IC2603.CFE 2025-12-23
INFO: Updating  IC2603.CFE 2025-12-24
INFO: Updating  IC2603.CFE 2026-01-01
INFO: Updating  IC2603.CFE 2026-01-02
INFO: Saving  IC2603.CFE
INFO: Updating  IH2603.CFE 2025-12-22
INFO: Updating  IH2603.CFE 2025-12-23
INFO: Updating  IH2603.CFE 2025-12-24
INFO: Updating  IH2603.CFE 2026-01-01
INFO: Updating  IH2603.CFE 2026-01-02
INFO: Saving  IH2603.CFE
INFO: Updating  IM2603.CFE 2025-12-22
INFO: Updating  IM2603.CFE 2025-12-23
INFO: Updating  IM2603.CFE 2025-12-24
INFO: Updating  IM2603.CFE 2026-01-01
INFO: Updating  IM2603.CFE 2026-01-02
INFO: Saving  IM2603.CFE
INFO: Updating  AU2604.SHF 2025-12-22
INFO: Updating  AU2604.SHF 2025-12-23
INFO: Updating  AU2604.SHF 2025-12-24
INFO: Updating  AU2604.SHF 2025-12-25
INFO: Updating  AU2604.SHF 2025-12-26
INFO: Updating  AU2604.SHF 2025-12-29
INFO: Updating  AU2604.SHF 2025-12-30
INFO: Updating  AU2604.SHF 2025-12-31
INFO: Updating  AU2604.SHF 2026-01-01
INFO: Updating  AU2604.SHF 2026-01-02
INFO: Updating  AU2604.SHF 2026-01-05
INFO: Updating  AU2604.SHF 2026-01-06
INFO: Updating  AU2604.SHF 2026-01-07
INFO: Updating  AU2604.SHF 2026-01-08
INFO: Updating  AU2604.SHF 2026-01-09
INFO: Saving  AU2604.SHF
INFO: Updating  AG2604.SHF 2025-12-22
INFO: Updating  AG2604.SHF 2025-12-23
INFO: Updating  AG2604.SHF 2025-12-24
INFO: Updating  AG2604.SHF 2026-01-01
INFO: Updating  AG2604.SHF 2026-01-02
INFO: Saving  AG2604.SHF
INFO: Updating  CU2603.SHF 2025-12-22
INFO: Updating  CU2603.SHF 2025-12-23
INFO: Updating  CU2603.SHF 2025-12-24
INFO: Updating  CU2603.SHF 2025-12-25
INFO: Updating  CU2603.SHF 2025-12-26
INFO: Updating  CU2603.SHF 2025-12-29
INFO: Updating  CU2603.SHF 2025-12-30
INFO: Updating  CU2603.SHF 2025-12-31
INFO: Updating  CU2603.SHF 2026-01-01
INFO: Updating  CU2603.SHF 2026-01-02
INFO: Updating  CU2603.SHF 2026-01-05
INFO: Saving  CU2603.SHF
INFO: Updating  AL2603.SHF 2025-12-22
INFO: Updating  AL2603.SHF 2025-12-23
INFO: Updating  AL2603.SHF 2025-12-24
INFO: Updating  AL2603.SHF 2025-12-25
INFO: Updating  AL2603.SHF 2025-12-26
INFO: Updating  AL2603.SHF 2025-12-29
INFO: Updating  AL2603.SHF 2025-12-30
INFO: Updating  AL2603.SHF 2025-12-31
INFO: Updating  AL2603.SHF 2026-01-01
INFO: Updating  AL2603.SHF 2026-01-02
INFO: Updating  AL2603.SHF 2026-01-05
INFO: Saving  AL2603.SHF
INFO: Updating  ZN2603.SHF 2025-12-22
INFO: Updating  ZN2603.SHF 2025-12-23
INFO: Updating  ZN2603.SHF 2025-12-24
INFO: Updating  ZN2603.SHF 2025-12-25
INFO: Updating  ZN2603.SHF 2025-12-26
INFO: Updating  ZN2603.SHF 2025-12-29
INFO: Updating  ZN2603.SHF 2025-12-30
INFO: Updating  ZN2603.SHF 2025-12-31
INFO: Updating  ZN2603.SHF 2026-01-01
INFO: Updating  ZN2603.SHF 2026-01-02
INFO: Updating  ZN2603.SHF 2026-01-05
INFO: Saving  ZN2603.SHF
INFO: Updating  RB2605.SHF 2025-12-22
INFO: Updating  RB2605.SHF 2025-12-23
INFO: Updating  RB2605.SHF 2025-12-24
INFO: Updating  RB2605.SHF 2026-01-01
INFO: Updating  RB2605.SHF 2026-01-02
INFO: Saving  RB2605.SHF
INFO: Updating  LC2605.GFE 2025-12-22
INFO: Updating  LC2605.GFE 2025-12-23
INFO: Updating  LC2605.GFE 2025-12-24
INFO: Updating  LC2605.GFE 2026-01-01
INFO: Updating  LC2605.GFE 2026-01-02
INFO: Saving  LC2605.GFE
INFO: Updating  SA605.CZC 2025-12-22
INFO: Updating  SA605.CZC 2025-12-23
INFO: Updating  SA605.CZC 2025-12-24
INFO: Updating  SA605.CZC 2026-01-01
INFO: Updating  SA605.CZC 2026-01-02
INFO: Updating  SA605.CZC 2026-01-09
INFO: Updating  SA605.CZC 2026-01-12
INFO: Updating  SA605.CZC 2026-01-13
INFO: Updating  SA605.CZC 2026-01-14
INFO: Updating  SA605.CZC 2026-01-15
INFO: Updating  SA605.CZC 2026-01-16
INFO: Updating  SA605.CZC 2026-01-19
INFO: Saving  SA605.CZC
ERROR: C:\Users\CMBC\.conda\envs\dev\Lib\site-packages\pandas\core\indexes\base.py:4520: FutureWarning: Dtype inference on a pandas object (Series, Index, ExtensionArray) is deprecated. The Index constructor will keep the original dtype in the future. Call `infer_objects` on the result to get the old behavior.
ERROR:   new_index = Index(new_labels, name=self.name)
INFO: Error updating D:\PyProjects\FIEngine\database\futures\SA605.pkl: cannot reindex on an axis with duplicate labels
INFO: Updating  SC2603.INE 2025-12-22
INFO: Updating  SC2603.INE 2025-12-23
INFO: Updating  SC2603.INE 2025-12-24
INFO: Updating  SC2603.INE 2025-12-25
INFO: Updating  SC2603.INE 2025-12-26
INFO: Updating  SC2603.INE 2025-12-29
INFO: Updating  SC2603.INE 2025-12-30
INFO: Updating  SC2603.INE 2025-12-31
INFO: Updating  SC2603.INE 2026-01-01
INFO: Updating  SC2603.INE 2026-01-02
INFO: Updating  SC2603.INE 2026-01-05
INFO: Updating  SC2603.INE 2026-01-06
INFO: Updating  SC2603.INE 2026-01-07
INFO: Saving  SC2603.INE
INFO: Updating  JM2605.DCE 2025-12-22
INFO: Updating  JM2605.DCE 2025-12-23
INFO: Updating  JM2605.DCE 2025-12-24
INFO: Updating  JM2605.DCE 2026-01-01
INFO: Updating  JM2605.DCE 2026-01-02
INFO: Updating  JM2605.DCE 2026-01-09
INFO: Updating  JM2605.DCE 2026-01-12
INFO: Updating  JM2605.DCE 2026-01-13
INFO: Updating  JM2605.DCE 2026-01-14
INFO: Updating  JM2605.DCE 2026-01-15
INFO: Updating  JM2605.DCE 2026-01-16
INFO: Updating  JM2605.DCE 2026-01-19
INFO: Saving  JM2605.DCE
ERROR: C:\Users\CMBC\.conda\envs\dev\Lib\site-packages\pandas\core\indexes\base.py:4520: FutureWarning: Dtype inference on a pandas object (Series, Index, ExtensionArray) is deprecated. The Index constructor will keep the original dtype in the future. Call `infer_objects` on the result to get the old behavior.
ERROR:   new_index = Index(new_labels, name=self.name)
INFO: Error updating D:\PyProjects\FIEngine\database\futures\JM2605.pkl: cannot reindex on an axis with duplicate labels
INFO: Updating  EC2604.INE 2025-12-22
INFO: Updating  EC2604.INE 2025-12-23
INFO: Updating  EC2604.INE 2025-12-24
INFO: Updating  EC2604.INE 2025-12-25
INFO: Updating  EC2604.INE 2025-12-26
INFO: Updating  EC2604.INE 2025-12-29
INFO: Updating  EC2604.INE 2025-12-30
INFO: Updating  EC2604.INE 2025-12-31
INFO: Updating  EC2604.INE 2026-01-01
INFO: Updating  EC2604.INE 2026-01-02
INFO: Updating  EC2604.INE 2026-01-05
INFO: Saving  EC2604.INE
INFO: Running data retriever: futures.intraday.retrieve:retrieveMarcoPx
INFO: Updating macroeconomic time series...
INFO: Running data retriever: futures.intraday.retrieve:retrieveTick
ERROR: Retriever failed: futures.intraday.retrieve:retrieveTick (retrieveTick() missing 2 required positional arguments: 'date' and 'futures')
Traceback (most recent call last):
  File "D:\PyProjects\FIEngine\bin-v4.0\engine\data_update.py", line 116, in run_data_update
    fn(cfg)
    ~~^^^^^
TypeError: retrieveTick() missing 1 required positional argument: 'futures'

During handling of the above exception, another exception occurred:

Traceback (most recent call last):
  File "D:\PyProjects\FIEngine\bin-v4.0\engine\data_update.py", line 118, in run_data_update
    fn()
    ~~^^
TypeError: retrieveTick() missing 2 required positional arguments: 'date' and 'futures'
INFO: Running data retriever: multiasset.retrieve:retrieveFXIRCurves
